mode: set
github.com/jacksmith/tk/internal/graph/cycle.go:13.54,15.16 1 1
github.com/jacksmith/tk/internal/graph/cycle.go:15.16,17.3 1 1
github.com/jacksmith/tk/internal/graph/cycle.go:21.2,22.17 2 1
github.com/jacksmith/tk/internal/graph/cycle.go:22.17,24.3 1 1
github.com/jacksmith/tk/internal/graph/cycle.go:29.2,29.25 1 1
github.com/jacksmith/tk/internal/graph/cycle.go:34.57,37.46 3 1
github.com/jacksmith/tk/internal/graph/cycle.go:37.46,39.3 1 1
github.com/jacksmith/tk/internal/graph/cycle.go:40.2,40.12 1 1
github.com/jacksmith/tk/internal/graph/cycle.go:45.95,46.23 1 1
github.com/jacksmith/tk/internal/graph/cycle.go:46.23,49.3 2 1
github.com/jacksmith/tk/internal/graph/cycle.go:51.2,51.22 1 1
github.com/jacksmith/tk/internal/graph/cycle.go:51.22,53.3 1 1
github.com/jacksmith/tk/internal/graph/cycle.go:54.2,58.49 3 1
github.com/jacksmith/tk/internal/graph/cycle.go:58.49,59.50 1 1
github.com/jacksmith/tk/internal/graph/cycle.go:59.50,61.4 1 1
github.com/jacksmith/tk/internal/graph/cycle.go:65.2,66.14 2 1
github.com/jacksmith/tk/internal/graph/cycle.go:71.56,73.2 1 1
github.com/jacksmith/tk/internal/graph/cycle.go:78.49,82.16 3 1
github.com/jacksmith/tk/internal/graph/cycle.go:82.16,86.3 2 1
github.com/jacksmith/tk/internal/graph/cycle.go:90.54,91.26 1 1
github.com/jacksmith/tk/internal/graph/cycle.go:91.26,92.13 1 1
github.com/jacksmith/tk/internal/graph/cycle.go:92.13,94.4 1 1
github.com/jacksmith/tk/internal/graph/cycle.go:96.2,96.14 1 1
github.com/jacksmith/tk/internal/graph/graph.go:25.46,33.28 2 1
github.com/jacksmith/tk/internal/graph/graph.go:33.28,35.27 2 1
github.com/jacksmith/tk/internal/graph/graph.go:35.27,38.42 2 1
github.com/jacksmith/tk/internal/graph/graph.go:38.42,40.5 1 1
github.com/jacksmith/tk/internal/graph/graph.go:45.2,45.28 1 1
github.com/jacksmith/tk/internal/graph/graph.go:45.28,47.27 2 1
github.com/jacksmith/tk/internal/graph/graph.go:47.27,50.42 2 1
github.com/jacksmith/tk/internal/graph/graph.go:50.42,52.5 1 1
github.com/jacksmith/tk/internal/graph/graph.go:56.2,56.10 1 1
github.com/jacksmith/tk/internal/graph/graph.go:61.47,63.21 2 1
github.com/jacksmith/tk/internal/graph/graph.go:63.21,65.3 1 1
github.com/jacksmith/tk/internal/graph/graph.go:67.2,69.15 3 1
github.com/jacksmith/tk/internal/graph/graph.go:74.46,76.20 2 1
github.com/jacksmith/tk/internal/graph/graph.go:76.20,78.3 1 1
github.com/jacksmith/tk/internal/graph/graph.go:80.2,82.15 3 1
github.com/jacksmith/tk/internal/graph/graph.go:89.57,96.30 5 1
github.com/jacksmith/tk/internal/graph/graph.go:96.30,98.3 1 1
github.com/jacksmith/tk/internal/graph/graph.go:99.2,100.15 2 1
github.com/jacksmith/tk/internal/graph/graph.go:104.70,105.44 1 1
github.com/jacksmith/tk/internal/graph/graph.go:105.44,106.26 1 1
github.com/jacksmith/tk/internal/graph/graph.go:106.26,109.4 2 1
github.com/jacksmith/tk/internal/graph/graph.go:117.56,124.30 5 1
github.com/jacksmith/tk/internal/graph/graph.go:124.30,126.3 1 1
github.com/jacksmith/tk/internal/graph/graph.go:127.2,128.15 2 1
github.com/jacksmith/tk/internal/graph/graph.go:132.69,133.43 1 1
github.com/jacksmith/tk/internal/graph/graph.go:133.43,134.26 1 1
github.com/jacksmith/tk/internal/graph/graph.go:134.26,137.4 2 1
github.com/jacksmith/tk/internal/graph/graph.go:142.41,144.2 1 1
github.com/jacksmith/tk/internal/graph/graph.go:147.34,149.26 2 1
github.com/jacksmith/tk/internal/graph/graph.go:149.26,151.3 1 1
github.com/jacksmith/tk/internal/graph/graph.go:152.2,153.15 2 1
github.com/jacksmith/tk/internal/model/id.go:28.64,30.20 2 1
github.com/jacksmith/tk/internal/model/id.go:30.20,32.3 1 1
github.com/jacksmith/tk/internal/model/id.go:34.2,36.28 3 1
github.com/jacksmith/tk/internal/model/id.go:36.28,38.3 1 1
github.com/jacksmith/tk/internal/model/id.go:40.2,40.25 1 1
github.com/jacksmith/tk/internal/model/id.go:46.64,48.20 2 1
github.com/jacksmith/tk/internal/model/id.go:48.20,50.3 1 1
github.com/jacksmith/tk/internal/model/id.go:52.2,54.28 3 1
github.com/jacksmith/tk/internal/model/id.go:54.28,56.3 1 0
github.com/jacksmith/tk/internal/model/id.go:58.2,58.25 1 1
github.com/jacksmith/tk/internal/model/id.go:64.76,66.20 2 1
github.com/jacksmith/tk/internal/model/id.go:66.20,68.3 1 1
github.com/jacksmith/tk/internal/model/id.go:70.2,72.28 3 1
github.com/jacksmith/tk/internal/model/id.go:72.28,74.3 1 0
github.com/jacksmith/tk/internal/model/id.go:76.2,77.33 2 1
github.com/jacksmith/tk/internal/model/id.go:85.62,88.2 2 1
github.com/jacksmith/tk/internal/model/id.go:92.62,95.2 2 1
github.com/jacksmith/tk/internal/model/id.go:100.47,102.16 2 1
github.com/jacksmith/tk/internal/model/id.go:102.16,105.3 1 1
github.com/jacksmith/tk/internal/model/id.go:108.2,108.17 1 1
github.com/jacksmith/tk/internal/model/id.go:108.17,110.3 1 1
github.com/jacksmith/tk/internal/model/id.go:112.2,112.12 1 1
github.com/jacksmith/tk/internal/model/id.go:112.12,114.3 1 1
github.com/jacksmith/tk/internal/model/id.go:115.2,115.42 1 1
github.com/jacksmith/tk/internal/model/id.go:120.33,121.18 1 1
github.com/jacksmith/tk/internal/model/id.go:121.18,123.3 1 1
github.com/jacksmith/tk/internal/model/id.go:124.2,124.19 1 1
github.com/jacksmith/tk/internal/model/id.go:124.19,126.3 1 1
github.com/jacksmith/tk/internal/model/id.go:127.2,127.20 1 1
github.com/jacksmith/tk/internal/model/id.go:127.20,129.3 1 1
github.com/jacksmith/tk/internal/model/id.go:132.2,133.34 2 1
github.com/jacksmith/tk/internal/model/id.go:133.34,135.3 1 1
github.com/jacksmith/tk/internal/model/id.go:136.2,136.14 1 1
github.com/jacksmith/tk/internal/model/id.go:141.38,143.16 2 1
github.com/jacksmith/tk/internal/model/id.go:143.16,145.3 1 1
github.com/jacksmith/tk/internal/model/id.go:146.2,146.15 1 1
github.com/jacksmith/tk/internal/model/id.go:151.35,153.16 2 1
github.com/jacksmith/tk/internal/model/id.go:153.16,155.3 1 1
github.com/jacksmith/tk/internal/model/id.go:156.2,156.12 1 1
github.com/jacksmith/tk/internal/model/id.go:160.31,163.2 2 1
github.com/jacksmith/tk/internal/model/id.go:166.31,169.2 2 1
github.com/jacksmith/tk/internal/model/serialize.go:14.53,16.16 2 1
github.com/jacksmith/tk/internal/model/serialize.go:16.16,18.3 1 1
github.com/jacksmith/tk/internal/model/serialize.go:20.2,21.50 2 1
github.com/jacksmith/tk/internal/model/serialize.go:21.50,23.3 1 1
github.com/jacksmith/tk/internal/model/serialize.go:25.2,25.17 1 1
github.com/jacksmith/tk/internal/model/serialize.go:32.53,39.16 4 1
github.com/jacksmith/tk/internal/model/serialize.go:39.16,41.3 1 0
github.com/jacksmith/tk/internal/model/serialize.go:44.2,45.16 2 1
github.com/jacksmith/tk/internal/model/serialize.go:45.16,47.3 1 0
github.com/jacksmith/tk/internal/model/serialize.go:49.2,49.55 1 1
github.com/jacksmith/tk/internal/model/serialize.go:49.55,51.3 1 0
github.com/jacksmith/tk/internal/model/serialize.go:53.2,53.12 1 1
github.com/jacksmith/tk/internal/model/serialize.go:57.30,58.40 1 1
github.com/jacksmith/tk/internal/model/serialize.go:58.40,60.3 1 1
github.com/jacksmith/tk/internal/model/serialize.go:64.30,65.40 1 1
github.com/jacksmith/tk/internal/model/serialize.go:65.40,67.3 1 1
github.com/jacksmith/tk/internal/model/serialize.go:71.59,80.25 5 1
github.com/jacksmith/tk/internal/model/serialize.go:80.25,82.3 1 1
github.com/jacksmith/tk/internal/model/serialize.go:83.2,88.22 4 1
github.com/jacksmith/tk/internal/model/serialize.go:88.22,90.32 2 1
github.com/jacksmith/tk/internal/model/serialize.go:90.32,92.18 2 1
github.com/jacksmith/tk/internal/model/serialize.go:92.18,94.5 1 0
github.com/jacksmith/tk/internal/model/serialize.go:95.4,95.59 1 1
github.com/jacksmith/tk/internal/model/serialize.go:97.3,100.4 1 1
github.com/jacksmith/tk/internal/model/serialize.go:104.2,104.22 1 1
github.com/jacksmith/tk/internal/model/serialize.go:104.22,106.32 2 1
github.com/jacksmith/tk/internal/model/serialize.go:106.32,108.18 2 1
github.com/jacksmith/tk/internal/model/serialize.go:108.18,110.5 1 0
github.com/jacksmith/tk/internal/model/serialize.go:111.4,111.59 1 1
github.com/jacksmith/tk/internal/model/serialize.go:113.3,116.4 1 1
github.com/jacksmith/tk/internal/model/serialize.go:119.2,119.17 1 1
github.com/jacksmith/tk/internal/model/serialize.go:123.49,131.26 6 1
github.com/jacksmith/tk/internal/model/serialize.go:131.26,133.3 1 1
github.com/jacksmith/tk/internal/model/serialize.go:134.2,134.21 1 1
github.com/jacksmith/tk/internal/model/serialize.go:134.21,136.3 1 1
github.com/jacksmith/tk/internal/model/serialize.go:137.2,137.19 1 1
github.com/jacksmith/tk/internal/model/serialize.go:137.19,139.3 1 1
github.com/jacksmith/tk/internal/model/serialize.go:140.2,140.22 1 1
github.com/jacksmith/tk/internal/model/serialize.go:140.22,142.3 1 0
github.com/jacksmith/tk/internal/model/serialize.go:143.2,143.22 1 1
github.com/jacksmith/tk/internal/model/serialize.go:143.22,145.3 1 1
github.com/jacksmith/tk/internal/model/serialize.go:146.2,146.20 1 1
github.com/jacksmith/tk/internal/model/serialize.go:146.20,148.3 1 1
github.com/jacksmith/tk/internal/model/serialize.go:150.2,153.21 3 1
github.com/jacksmith/tk/internal/model/serialize.go:153.21,155.3 1 1
github.com/jacksmith/tk/internal/model/serialize.go:156.2,156.24 1 1
github.com/jacksmith/tk/internal/model/serialize.go:156.24,158.3 1 0
github.com/jacksmith/tk/internal/model/serialize.go:159.2,159.24 1 1
github.com/jacksmith/tk/internal/model/serialize.go:159.24,161.3 1 0
github.com/jacksmith/tk/internal/model/serialize.go:163.2,163.18 1 1
github.com/jacksmith/tk/internal/model/serialize.go:167.49,171.19 3 1
github.com/jacksmith/tk/internal/model/serialize.go:171.19,173.3 1 1
github.com/jacksmith/tk/internal/model/serialize.go:174.2,179.41 4 1
github.com/jacksmith/tk/internal/model/serialize.go:179.41,181.3 1 1
github.com/jacksmith/tk/internal/model/serialize.go:182.2,182.39 1 1
github.com/jacksmith/tk/internal/model/serialize.go:182.39,184.3 1 1
github.com/jacksmith/tk/internal/model/serialize.go:185.2,185.44 1 1
github.com/jacksmith/tk/internal/model/serialize.go:185.44,187.3 1 1
github.com/jacksmith/tk/internal/model/serialize.go:188.2,193.26 2 1
github.com/jacksmith/tk/internal/model/serialize.go:193.26,195.3 1 1
github.com/jacksmith/tk/internal/model/serialize.go:196.2,196.19 1 1
github.com/jacksmith/tk/internal/model/serialize.go:196.19,198.3 1 1
github.com/jacksmith/tk/internal/model/serialize.go:199.2,199.24 1 1
github.com/jacksmith/tk/internal/model/serialize.go:199.24,201.3 1 0
github.com/jacksmith/tk/internal/model/serialize.go:203.2,205.21 2 1
github.com/jacksmith/tk/internal/model/serialize.go:205.21,207.3 1 0
github.com/jacksmith/tk/internal/model/serialize.go:208.2,208.24 1 1
github.com/jacksmith/tk/internal/model/serialize.go:208.24,210.3 1 0
github.com/jacksmith/tk/internal/model/serialize.go:211.2,211.24 1 1
github.com/jacksmith/tk/internal/model/serialize.go:211.24,213.3 1 0
github.com/jacksmith/tk/internal/model/serialize.go:215.2,215.18 1 1
github.com/jacksmith/tk/internal/model/serialize.go:220.57,225.2 1 1
github.com/jacksmith/tk/internal/model/serialize.go:227.58,232.2 1 1
github.com/jacksmith/tk/internal/model/serialize.go:234.60,239.2 1 1
github.com/jacksmith/tk/internal/model/serialize.go:241.61,246.2 1 1
github.com/jacksmith/tk/internal/model/serialize.go:248.61,253.2 1 1
github.com/jacksmith/tk/internal/model/serialize.go:255.72,257.27 2 1
github.com/jacksmith/tk/internal/model/serialize.go:257.27,261.3 1 1
github.com/jacksmith/tk/internal/model/serialize.go:262.2,265.3 1 1
github.com/jacksmith/tk/internal/model/serialize.go:268.66,271.29 2 1
github.com/jacksmith/tk/internal/model/serialize.go:271.29,273.3 1 1
github.com/jacksmith/tk/internal/model/serialize.go:274.2,277.3 1 1
github.com/jacksmith/tk/internal/model/serialize.go:280.37,282.2 1 1
github.com/jacksmith/tk/internal/model/state.go:39.71,41.32 1 1
github.com/jacksmith/tk/internal/model/state.go:41.32,43.3 1 1
github.com/jacksmith/tk/internal/model/state.go:44.2,44.35 1 1
github.com/jacksmith/tk/internal/model/state.go:44.35,46.3 1 1
github.com/jacksmith/tk/internal/model/state.go:49.2,49.27 1 1
github.com/jacksmith/tk/internal/model/state.go:49.27,51.3 1 1
github.com/jacksmith/tk/internal/model/state.go:53.2,56.40 3 1
github.com/jacksmith/tk/internal/model/state.go:56.40,58.14 2 1
github.com/jacksmith/tk/internal/model/state.go:58.14,61.4 1 1
github.com/jacksmith/tk/internal/model/state.go:63.3,63.16 1 1
github.com/jacksmith/tk/internal/model/state.go:63.16,65.27 1 1
github.com/jacksmith/tk/internal/model/state.go:65.27,67.5 1 1
github.com/jacksmith/tk/internal/model/state.go:67.10,69.5 1 1
github.com/jacksmith/tk/internal/model/state.go:74.2,74.24 1 1
github.com/jacksmith/tk/internal/model/state.go:74.24,76.3 1 1
github.com/jacksmith/tk/internal/model/state.go:77.2,77.24 1 1
github.com/jacksmith/tk/internal/model/state.go:77.24,79.3 1 1
github.com/jacksmith/tk/internal/model/state.go:82.2,82.23 1 1
github.com/jacksmith/tk/internal/model/state.go:96.86,98.32 1 1
github.com/jacksmith/tk/internal/model/state.go:98.32,100.3 1 1
github.com/jacksmith/tk/internal/model/state.go:101.2,101.35 1 1
github.com/jacksmith/tk/internal/model/state.go:101.35,103.3 1 1
github.com/jacksmith/tk/internal/model/state.go:106.2,106.40 1 1
github.com/jacksmith/tk/internal/model/state.go:106.40,108.14 2 1
github.com/jacksmith/tk/internal/model/state.go:108.14,110.4 1 1
github.com/jacksmith/tk/internal/model/state.go:111.3,111.16 1 1
github.com/jacksmith/tk/internal/model/state.go:111.16,113.4 1 1
github.com/jacksmith/tk/internal/model/state.go:117.2,117.35 1 1
github.com/jacksmith/tk/internal/model/state.go:118.26,121.26 1 1
github.com/jacksmith/tk/internal/model/state.go:123.28,125.45 1 1
github.com/jacksmith/tk/internal/model/state.go:125.45,127.4 1 1
github.com/jacksmith/tk/internal/model/state.go:128.3,128.97 1 1
github.com/jacksmith/tk/internal/model/state.go:128.97,130.4 1 1
github.com/jacksmith/tk/internal/model/state.go:131.3,131.26 1 1
github.com/jacksmith/tk/internal/model/state.go:133.10,135.26 1 0
github.com/jacksmith/tk/internal/model/state.go:141.63,142.32 1 1
github.com/jacksmith/tk/internal/model/state.go:142.32,144.3 1 1
github.com/jacksmith/tk/internal/model/state.go:145.2,145.40 1 1
github.com/jacksmith/tk/internal/model/state.go:145.40,146.26 1 1
github.com/jacksmith/tk/internal/model/state.go:146.26,148.28 2 1
github.com/jacksmith/tk/internal/model/state.go:148.28,150.5 1 1
github.com/jacksmith/tk/internal/model/state.go:153.2,153.14 1 1
github.com/jacksmith/tk/internal/model/state.go:158.63,159.32 1 1
github.com/jacksmith/tk/internal/model/state.go:159.32,161.3 1 1
github.com/jacksmith/tk/internal/model/state.go:162.2,162.40 1 1
github.com/jacksmith/tk/internal/model/state.go:162.40,163.26 1 1
github.com/jacksmith/tk/internal/model/state.go:163.26,165.28 2 1
github.com/jacksmith/tk/internal/model/state.go:165.28,167.5 1 1
github.com/jacksmith/tk/internal/model/state.go:170.2,170.14 1 1
github.com/jacksmith/tk/internal/model/state.go:174.61,175.32 1 1
github.com/jacksmith/tk/internal/model/state.go:175.32,177.3 1 1
github.com/jacksmith/tk/internal/model/state.go:178.2,178.40 1 1
github.com/jacksmith/tk/internal/model/state.go:178.40,180.27 2 1
github.com/jacksmith/tk/internal/model/state.go:180.27,182.4 1 1
github.com/jacksmith/tk/internal/model/state.go:184.2,184.13 1 1
github.com/jacksmith/tk/internal/model/types.go:104.37,105.19 1 1
github.com/jacksmith/tk/internal/model/types.go:105.19,107.3 1 1
github.com/jacksmith/tk/internal/model/types.go:108.2,108.90 1 1
github.com/jacksmith/tk/internal/model/types.go:108.90,110.3 1 1
github.com/jacksmith/tk/internal/model/types.go:111.2,111.55 1 1
github.com/jacksmith/tk/internal/model/types.go:111.55,113.3 1 1
github.com/jacksmith/tk/internal/model/types.go:114.2,114.11 1 1
github.com/jacksmith/tk/internal/storage/config.go:35.30,41.2 1 1
github.com/jacksmith/tk/internal/storage/config.go:46.49,50.16 3 1
github.com/jacksmith/tk/internal/storage/config.go:50.16,51.25 1 1
github.com/jacksmith/tk/internal/storage/config.go:51.25,54.4 1 1
github.com/jacksmith/tk/internal/storage/config.go:55.3,55.71 1 0
github.com/jacksmith/tk/internal/storage/config.go:59.2,62.50 2 1
github.com/jacksmith/tk/internal/storage/config.go:62.50,64.3 1 1
github.com/jacksmith/tk/internal/storage/config.go:66.2,66.17 1 1
github.com/jacksmith/tk/internal/storage/config.go:70.39,72.2 1 1
github.com/jacksmith/tk/internal/storage/storage.go:36.41,39.16 3 1
github.com/jacksmith/tk/internal/storage/storage.go:39.16,40.25 1 1
github.com/jacksmith/tk/internal/storage/storage.go:40.25,42.4 1 1
github.com/jacksmith/tk/internal/storage/storage.go:43.3,43.59 1 0
github.com/jacksmith/tk/internal/storage/storage.go:45.2,45.19 1 1
github.com/jacksmith/tk/internal/storage/storage.go:45.19,47.3 1 1
github.com/jacksmith/tk/internal/storage/storage.go:49.2,49.33 1 1
github.com/jacksmith/tk/internal/storage/storage.go:54.76,58.43 2 1
github.com/jacksmith/tk/internal/storage/storage.go:58.43,60.3 1 1
github.com/jacksmith/tk/internal/storage/storage.go:60.8,60.32 1 1
github.com/jacksmith/tk/internal/storage/storage.go:60.32,62.3 1 0
github.com/jacksmith/tk/internal/storage/storage.go:65.2,65.23 1 1
github.com/jacksmith/tk/internal/storage/storage.go:65.23,67.3 1 1
github.com/jacksmith/tk/internal/storage/storage.go:68.2,68.18 1 1
github.com/jacksmith/tk/internal/storage/storage.go:68.18,70.3 1 1
github.com/jacksmith/tk/internal/storage/storage.go:73.2,77.56 3 1
github.com/jacksmith/tk/internal/storage/storage.go:77.56,79.3 1 0
github.com/jacksmith/tk/internal/storage/storage.go:82.2,84.16 3 1
github.com/jacksmith/tk/internal/storage/storage.go:84.16,86.3 1 0
github.com/jacksmith/tk/internal/storage/storage.go:87.2,88.61 2 1
github.com/jacksmith/tk/internal/storage/storage.go:88.61,90.3 1 0
github.com/jacksmith/tk/internal/storage/storage.go:93.2,106.47 4 1
github.com/jacksmith/tk/internal/storage/storage.go:106.47,110.3 2 0
github.com/jacksmith/tk/internal/storage/storage.go:112.2,112.15 1 1
github.com/jacksmith/tk/internal/storage/storage.go:116.33,118.2 1 1
github.com/jacksmith/tk/internal/storage/storage.go:121.35,123.2 1 1
github.com/jacksmith/tk/internal/storage/storage.go:126.53,128.2 1 1
github.com/jacksmith/tk/internal/storage/storage.go:132.74,136.41 2 1
github.com/jacksmith/tk/internal/storage/storage.go:136.41,137.25 1 1
github.com/jacksmith/tk/internal/storage/storage.go:137.25,139.4 1 1
github.com/jacksmith/tk/internal/storage/storage.go:140.3,140.67 1 0
github.com/jacksmith/tk/internal/storage/storage.go:143.2,144.16 2 1
github.com/jacksmith/tk/internal/storage/storage.go:144.16,146.3 1 1
github.com/jacksmith/tk/internal/storage/storage.go:147.2,147.16 1 1
github.com/jacksmith/tk/internal/storage/storage.go:152.74,154.16 2 1
github.com/jacksmith/tk/internal/storage/storage.go:154.16,156.3 1 0
github.com/jacksmith/tk/internal/storage/storage.go:158.2,159.34 2 1
github.com/jacksmith/tk/internal/storage/storage.go:159.34,161.17 2 1
github.com/jacksmith/tk/internal/storage/storage.go:161.17,162.12 1 1
github.com/jacksmith/tk/internal/storage/storage.go:164.3,164.35 1 1
github.com/jacksmith/tk/internal/storage/storage.go:164.35,166.4 1 1
github.com/jacksmith/tk/internal/storage/storage.go:169.2,169.60 1 1
github.com/jacksmith/tk/internal/storage/storage.go:174.59,177.2 2 1
github.com/jacksmith/tk/internal/storage/storage.go:181.52,184.16 3 1
github.com/jacksmith/tk/internal/storage/storage.go:184.16,185.25 1 0
github.com/jacksmith/tk/internal/storage/storage.go:185.25,187.4 1 0
github.com/jacksmith/tk/internal/storage/storage.go:188.3,188.71 1 0
github.com/jacksmith/tk/internal/storage/storage.go:191.2,192.32 2 1
github.com/jacksmith/tk/internal/storage/storage.go:192.32,193.20 1 1
github.com/jacksmith/tk/internal/storage/storage.go:193.20,194.12 1 1
github.com/jacksmith/tk/internal/storage/storage.go:196.3,197.40 2 1
github.com/jacksmith/tk/internal/storage/storage.go:197.40,198.12 1 1
github.com/jacksmith/tk/internal/storage/storage.go:200.3,201.38 2 1
github.com/jacksmith/tk/internal/storage/storage.go:204.2,204.22 1 1
github.com/jacksmith/tk/internal/storage/storage.go:209.54,212.16 3 1
github.com/jacksmith/tk/internal/storage/storage.go:212.16,213.25 1 1
github.com/jacksmith/tk/internal/storage/storage.go:213.25,215.4 1 1
github.com/jacksmith/tk/internal/storage/storage.go:216.3,216.57 1 0
github.com/jacksmith/tk/internal/storage/storage.go:218.2,218.12 1 1
github.com/jacksmith/tk/internal/storage/storage.go:223.53,227.2 3 1
github.com/jacksmith/tk/internal/ops/check.go:22.57,24.2 1 1
github.com/jacksmith/tk/internal/ops/check.go:27.74,32.16 3 1
github.com/jacksmith/tk/internal/ops/check.go:32.16,34.3 1 0
github.com/jacksmith/tk/internal/ops/check.go:36.2,36.34 1 1
github.com/jacksmith/tk/internal/ops/check.go:36.34,38.17 2 1
github.com/jacksmith/tk/internal/ops/check.go:38.17,40.4 1 0
github.com/jacksmith/tk/internal/ops/check.go:42.3,44.86 3 1
github.com/jacksmith/tk/internal/ops/check.go:47.2,47.20 1 1
github.com/jacksmith/tk/internal/ops/check.go:51.96,53.16 2 1
github.com/jacksmith/tk/internal/ops/check.go:53.16,55.3 1 0
github.com/jacksmith/tk/internal/ops/check.go:57.2,64.26 4 1
github.com/jacksmith/tk/internal/ops/check.go:64.26,68.39 2 1
github.com/jacksmith/tk/internal/ops/check.go:68.39,69.12 1 0
github.com/jacksmith/tk/internal/ops/check.go:73.3,73.60 1 1
github.com/jacksmith/tk/internal/ops/check.go:73.60,74.12 1 1
github.com/jacksmith/tk/internal/ops/check.go:78.3,78.40 1 1
github.com/jacksmith/tk/internal/ops/check.go:78.40,79.12 1 0
github.com/jacksmith/tk/internal/ops/check.go:83.3,84.41 2 1
github.com/jacksmith/tk/internal/ops/check.go:84.41,85.66 1 0
github.com/jacksmith/tk/internal/ops/check.go:85.66,87.10 2 0
github.com/jacksmith/tk/internal/ops/check.go:90.3,90.16 1 1
github.com/jacksmith/tk/internal/ops/check.go:90.16,91.12 1 0
github.com/jacksmith/tk/internal/ops/check.go:95.3,95.46 1 1
github.com/jacksmith/tk/internal/ops/check.go:95.46,96.12 1 1
github.com/jacksmith/tk/internal/ops/check.go:100.3,105.18 6 1
github.com/jacksmith/tk/internal/ops/check.go:109.2,109.35 1 1
github.com/jacksmith/tk/internal/ops/check.go:109.35,116.29 4 1
github.com/jacksmith/tk/internal/ops/check.go:116.29,118.4 1 1
github.com/jacksmith/tk/internal/ops/check.go:121.2,121.14 1 1
github.com/jacksmith/tk/internal/ops/check.go:121.14,122.43 1 1
github.com/jacksmith/tk/internal/ops/check.go:122.43,124.4 1 0
github.com/jacksmith/tk/internal/ops/check.go:127.2,127.20 1 1
github.com/jacksmith/tk/internal/ops/check.go:131.92,135.29 2 1
github.com/jacksmith/tk/internal/ops/check.go:135.29,136.39 1 1
github.com/jacksmith/tk/internal/ops/check.go:136.39,137.12 1 0
github.com/jacksmith/tk/internal/ops/check.go:139.3,139.28 1 1
github.com/jacksmith/tk/internal/ops/check.go:139.28,140.12 1 0
github.com/jacksmith/tk/internal/ops/check.go:143.3,144.35 2 1
github.com/jacksmith/tk/internal/ops/check.go:144.35,145.60 1 1
github.com/jacksmith/tk/internal/ops/check.go:145.60,147.10 2 1
github.com/jacksmith/tk/internal/ops/check.go:151.3,151.18 1 1
github.com/jacksmith/tk/internal/ops/check.go:151.18,153.4 1 1
github.com/jacksmith/tk/internal/ops/check.go:157.2,157.29 1 1
github.com/jacksmith/tk/internal/ops/check.go:157.29,158.39 1 1
github.com/jacksmith/tk/internal/ops/check.go:158.39,159.12 1 1
github.com/jacksmith/tk/internal/ops/check.go:161.3,161.28 1 1
github.com/jacksmith/tk/internal/ops/check.go:161.28,162.12 1 1
github.com/jacksmith/tk/internal/ops/check.go:165.3,166.35 2 1
github.com/jacksmith/tk/internal/ops/check.go:166.35,167.60 1 1
github.com/jacksmith/tk/internal/ops/check.go:167.60,169.10 2 0
github.com/jacksmith/tk/internal/ops/check.go:173.3,173.18 1 1
github.com/jacksmith/tk/internal/ops/check.go:173.18,175.4 1 1
github.com/jacksmith/tk/internal/ops/check.go:178.2,178.18 1 1
github.com/jacksmith/tk/internal/ops/project.go:21.84,26.29 2 1
github.com/jacksmith/tk/internal/ops/project.go:26.29,28.3 1 1
github.com/jacksmith/tk/internal/ops/project.go:31.2,31.40 1 1
github.com/jacksmith/tk/internal/ops/project.go:31.40,33.3 1 1
github.com/jacksmith/tk/internal/ops/project.go:34.2,34.27 1 1
github.com/jacksmith/tk/internal/ops/project.go:34.27,35.25 1 1
github.com/jacksmith/tk/internal/ops/project.go:35.25,37.4 1 1
github.com/jacksmith/tk/internal/ops/project.go:41.2,41.14 1 1
github.com/jacksmith/tk/internal/ops/project.go:41.14,43.3 1 0
github.com/jacksmith/tk/internal/ops/project.go:44.2,47.49 2 1
github.com/jacksmith/tk/internal/ops/project.go:47.49,49.3 1 1
github.com/jacksmith/tk/internal/ops/project.go:52.2,65.31 3 1
github.com/jacksmith/tk/internal/ops/project.go:69.83,71.16 2 1
github.com/jacksmith/tk/internal/ops/project.go:71.16,73.3 1 0
github.com/jacksmith/tk/internal/ops/project.go:75.2,75.25 1 1
github.com/jacksmith/tk/internal/ops/project.go:75.25,77.3 1 1
github.com/jacksmith/tk/internal/ops/project.go:78.2,78.32 1 1
github.com/jacksmith/tk/internal/ops/project.go:78.32,80.3 1 1
github.com/jacksmith/tk/internal/ops/project.go:81.2,81.27 1 1
github.com/jacksmith/tk/internal/ops/project.go:81.27,83.3 1 1
github.com/jacksmith/tk/internal/ops/project.go:85.2,85.26 1 1
github.com/jacksmith/tk/internal/ops/project.go:90.73,92.16 2 1
github.com/jacksmith/tk/internal/ops/project.go:92.16,94.3 1 0
github.com/jacksmith/tk/internal/ops/project.go:96.2,96.12 1 1
github.com/jacksmith/tk/internal/ops/project.go:96.12,98.30 1 1
github.com/jacksmith/tk/internal/ops/project.go:98.30,99.40 1 1
github.com/jacksmith/tk/internal/ops/project.go:99.40,101.5 1 1
github.com/jacksmith/tk/internal/ops/project.go:104.3,104.30 1 1
github.com/jacksmith/tk/internal/ops/project.go:104.30,105.40 1 1
github.com/jacksmith/tk/internal/ops/project.go:105.40,107.5 1 1
github.com/jacksmith/tk/internal/ops/project.go:111.2,111.32 1 1
github.com/jacksmith/tk/internal/ops/project.go:115.81,119.28 3 1
github.com/jacksmith/tk/internal/ops/project.go:119.28,121.3 1 1
github.com/jacksmith/tk/internal/ops/project.go:124.2,124.46 1 1
github.com/jacksmith/tk/internal/ops/project.go:124.46,126.3 1 1
github.com/jacksmith/tk/internal/ops/project.go:127.2,127.30 1 1
github.com/jacksmith/tk/internal/ops/project.go:127.30,128.25 1 1
github.com/jacksmith/tk/internal/ops/project.go:128.25,130.4 1 1
github.com/jacksmith/tk/internal/ops/project.go:134.2,134.32 1 1
github.com/jacksmith/tk/internal/ops/project.go:134.32,136.3 1 1
github.com/jacksmith/tk/internal/ops/project.go:139.2,140.16 2 1
github.com/jacksmith/tk/internal/ops/project.go:140.16,142.3 1 0
github.com/jacksmith/tk/internal/ops/project.go:145.2,149.26 3 1
github.com/jacksmith/tk/internal/ops/project.go:149.26,155.3 5 1
github.com/jacksmith/tk/internal/ops/project.go:158.2,158.26 1 1
github.com/jacksmith/tk/internal/ops/project.go:158.26,164.3 5 0
github.com/jacksmith/tk/internal/ops/project.go:167.2,167.26 1 1
github.com/jacksmith/tk/internal/ops/project.go:167.26,169.3 1 1
github.com/jacksmith/tk/internal/ops/project.go:170.2,170.26 1 1
github.com/jacksmith/tk/internal/ops/project.go:170.26,172.3 1 0
github.com/jacksmith/tk/internal/ops/project.go:175.2,178.42 2 1
github.com/jacksmith/tk/internal/ops/project.go:178.42,180.3 1 0
github.com/jacksmith/tk/internal/ops/project.go:183.2,183.35 1 1
github.com/jacksmith/tk/internal/ops/project.go:187.78,188.25 1 1
github.com/jacksmith/tk/internal/ops/project.go:188.25,190.3 1 1
github.com/jacksmith/tk/internal/ops/project.go:192.2,193.31 2 0
github.com/jacksmith/tk/internal/ops/project.go:193.31,194.33 1 0
github.com/jacksmith/tk/internal/ops/project.go:194.33,196.4 1 0
github.com/jacksmith/tk/internal/ops/project.go:196.9,198.4 1 0
github.com/jacksmith/tk/internal/ops/project.go:200.2,200.15 1 0
github.com/jacksmith/tk/internal/ops/task.go:47.102,49.16 2 1
github.com/jacksmith/tk/internal/ops/task.go:49.16,51.3 1 0
github.com/jacksmith/tk/internal/ops/task.go:54.2,54.44 1 1
github.com/jacksmith/tk/internal/ops/task.go:54.44,56.3 1 1
github.com/jacksmith/tk/internal/ops/task.go:59.2,59.29 1 1
github.com/jacksmith/tk/internal/ops/task.go:59.29,60.62 1 1
github.com/jacksmith/tk/internal/ops/task.go:60.62,62.4 1 0
github.com/jacksmith/tk/internal/ops/task.go:66.2,67.19 2 1
github.com/jacksmith/tk/internal/ops/task.go:67.19,69.3 1 1
github.com/jacksmith/tk/internal/ops/task.go:72.2,92.42 6 1
github.com/jacksmith/tk/internal/ops/task.go:92.42,94.3 1 0
github.com/jacksmith/tk/internal/ops/task.go:96.2,96.19 1 1
github.com/jacksmith/tk/internal/ops/task.go:100.77,102.18 2 1
github.com/jacksmith/tk/internal/ops/task.go:102.18,104.3 1 0
github.com/jacksmith/tk/internal/ops/task.go:106.2,107.16 2 1
github.com/jacksmith/tk/internal/ops/task.go:107.16,109.3 1 0
github.com/jacksmith/tk/internal/ops/task.go:111.2,112.17 2 1
github.com/jacksmith/tk/internal/ops/task.go:112.17,114.3 1 0
github.com/jacksmith/tk/internal/ops/task.go:117.2,117.30 1 1
github.com/jacksmith/tk/internal/ops/task.go:117.30,118.66 1 0
github.com/jacksmith/tk/internal/ops/task.go:118.66,120.4 1 0
github.com/jacksmith/tk/internal/ops/task.go:122.3,123.48 2 0
github.com/jacksmith/tk/internal/ops/task.go:123.48,124.62 1 0
github.com/jacksmith/tk/internal/ops/task.go:124.62,126.5 1 0
github.com/jacksmith/tk/internal/ops/task.go:131.2,131.26 1 1
github.com/jacksmith/tk/internal/ops/task.go:131.26,133.3 1 1
github.com/jacksmith/tk/internal/ops/task.go:134.2,134.29 1 1
github.com/jacksmith/tk/internal/ops/task.go:134.29,136.3 1 1
github.com/jacksmith/tk/internal/ops/task.go:137.2,137.25 1 1
github.com/jacksmith/tk/internal/ops/task.go:137.25,139.3 1 0
github.com/jacksmith/tk/internal/ops/task.go:140.2,140.26 1 1
github.com/jacksmith/tk/internal/ops/task.go:140.26,142.3 1 0
github.com/jacksmith/tk/internal/ops/task.go:143.2,143.29 1 1
github.com/jacksmith/tk/internal/ops/task.go:143.29,145.3 1 0
github.com/jacksmith/tk/internal/ops/task.go:146.2,146.28 1 1
github.com/jacksmith/tk/internal/ops/task.go:146.28,148.3 1 0
github.com/jacksmith/tk/internal/ops/task.go:149.2,149.33 1 1
github.com/jacksmith/tk/internal/ops/task.go:149.33,151.3 1 0
github.com/jacksmith/tk/internal/ops/task.go:152.2,152.30 1 1
github.com/jacksmith/tk/internal/ops/task.go:152.30,154.3 1 0
github.com/jacksmith/tk/internal/ops/task.go:156.2,158.26 2 1
github.com/jacksmith/tk/internal/ops/task.go:164.93,166.18 2 1
github.com/jacksmith/tk/internal/ops/task.go:166.18,168.3 1 0
github.com/jacksmith/tk/internal/ops/task.go:170.2,171.16 2 1
github.com/jacksmith/tk/internal/ops/task.go:171.16,173.3 1 0
github.com/jacksmith/tk/internal/ops/task.go:175.2,176.17 2 1
github.com/jacksmith/tk/internal/ops/task.go:176.17,178.3 1 0
github.com/jacksmith/tk/internal/ops/task.go:180.2,180.41 1 1
github.com/jacksmith/tk/internal/ops/task.go:180.41,182.3 1 1
github.com/jacksmith/tk/internal/ops/task.go:185.2,187.43 3 1
github.com/jacksmith/tk/internal/ops/task.go:187.43,188.65 1 1
github.com/jacksmith/tk/internal/ops/task.go:188.65,190.4 1 1
github.com/jacksmith/tk/internal/ops/task.go:193.2,193.33 1 1
github.com/jacksmith/tk/internal/ops/task.go:193.33,194.13 1 1
github.com/jacksmith/tk/internal/ops/task.go:194.13,197.4 1 1
github.com/jacksmith/tk/internal/ops/task.go:199.3,199.70 1 1
github.com/jacksmith/tk/internal/ops/task.go:203.2,216.49 8 1
github.com/jacksmith/tk/internal/ops/task.go:216.49,219.18 2 1
github.com/jacksmith/tk/internal/ops/task.go:219.18,220.12 1 0
github.com/jacksmith/tk/internal/ops/task.go:223.3,224.38 2 1
github.com/jacksmith/tk/internal/ops/task.go:224.38,225.60 1 1
github.com/jacksmith/tk/internal/ops/task.go:225.60,227.10 2 1
github.com/jacksmith/tk/internal/ops/task.go:231.3,231.57 1 1
github.com/jacksmith/tk/internal/ops/task.go:231.57,233.4 1 1
github.com/jacksmith/tk/internal/ops/task.go:237.2,237.26 1 1
github.com/jacksmith/tk/internal/ops/task.go:237.26,239.39 2 1
github.com/jacksmith/tk/internal/ops/task.go:239.39,240.12 1 1
github.com/jacksmith/tk/internal/ops/task.go:244.3,245.35 2 1
github.com/jacksmith/tk/internal/ops/task.go:245.35,246.21 1 0
github.com/jacksmith/tk/internal/ops/task.go:246.21,248.10 2 0
github.com/jacksmith/tk/internal/ops/task.go:252.3,252.17 1 1
github.com/jacksmith/tk/internal/ops/task.go:252.17,255.36 2 0
github.com/jacksmith/tk/internal/ops/task.go:255.36,256.61 1 0
github.com/jacksmith/tk/internal/ops/task.go:256.61,258.11 2 0
github.com/jacksmith/tk/internal/ops/task.go:261.4,261.19 1 0
github.com/jacksmith/tk/internal/ops/task.go:261.19,263.5 1 0
github.com/jacksmith/tk/internal/ops/task.go:268.2,270.42 2 1
github.com/jacksmith/tk/internal/ops/task.go:270.42,272.3 1 0
github.com/jacksmith/tk/internal/ops/task.go:274.2,274.20 1 1
github.com/jacksmith/tk/internal/ops/task.go:279.93,283.14 3 1
github.com/jacksmith/tk/internal/ops/task.go:283.14,285.27 2 1
github.com/jacksmith/tk/internal/ops/task.go:285.27,287.59 2 1
github.com/jacksmith/tk/internal/ops/task.go:287.59,288.13 1 1
github.com/jacksmith/tk/internal/ops/task.go:292.4,293.36 2 1
github.com/jacksmith/tk/internal/ops/task.go:293.36,294.61 1 1
github.com/jacksmith/tk/internal/ops/task.go:294.61,296.11 2 1
github.com/jacksmith/tk/internal/ops/task.go:300.4,300.19 1 1
github.com/jacksmith/tk/internal/ops/task.go:300.19,309.5 7 1
github.com/jacksmith/tk/internal/ops/task.go:313.2,313.22 1 1
github.com/jacksmith/tk/internal/ops/task.go:319.98,321.18 2 1
github.com/jacksmith/tk/internal/ops/task.go:321.18,323.3 1 0
github.com/jacksmith/tk/internal/ops/task.go:325.2,326.16 2 1
github.com/jacksmith/tk/internal/ops/task.go:326.16,328.3 1 0
github.com/jacksmith/tk/internal/ops/task.go:330.2,331.17 2 1
github.com/jacksmith/tk/internal/ops/task.go:331.17,333.3 1 0
github.com/jacksmith/tk/internal/ops/task.go:335.2,335.41 1 1
github.com/jacksmith/tk/internal/ops/task.go:335.41,337.3 1 0
github.com/jacksmith/tk/internal/ops/task.go:340.2,345.35 4 1
github.com/jacksmith/tk/internal/ops/task.go:345.35,347.57 2 1
github.com/jacksmith/tk/internal/ops/task.go:347.57,349.4 1 1
github.com/jacksmith/tk/internal/ops/task.go:352.2,352.57 1 1
github.com/jacksmith/tk/internal/ops/task.go:352.57,355.3 1 1
github.com/jacksmith/tk/internal/ops/task.go:357.2,357.14 1 1
github.com/jacksmith/tk/internal/ops/task.go:357.14,359.60 1 1
github.com/jacksmith/tk/internal/ops/task.go:359.60,361.4 1 0
github.com/jacksmith/tk/internal/ops/task.go:364.2,364.16 1 1
github.com/jacksmith/tk/internal/ops/task.go:364.16,367.3 1 1
github.com/jacksmith/tk/internal/ops/task.go:370.2,376.26 6 1
github.com/jacksmith/tk/internal/ops/task.go:380.76,385.35 4 1
github.com/jacksmith/tk/internal/ops/task.go:385.35,386.28 1 1
github.com/jacksmith/tk/internal/ops/task.go:386.28,388.58 2 1
github.com/jacksmith/tk/internal/ops/task.go:388.58,393.5 4 1
github.com/jacksmith/tk/internal/ops/task.go:394.9,396.58 2 0
github.com/jacksmith/tk/internal/ops/task.go:396.58,400.5 3 0
github.com/jacksmith/tk/internal/ops/task.go:404.2,404.12 1 1
github.com/jacksmith/tk/internal/ops/task.go:408.65,409.26 1 1
github.com/jacksmith/tk/internal/ops/task.go:409.26,411.3 1 1
github.com/jacksmith/tk/internal/ops/task.go:412.2,412.26 1 1
github.com/jacksmith/tk/internal/ops/task.go:412.26,414.3 1 1
github.com/jacksmith/tk/internal/ops/task.go:418.58,420.18 2 1
github.com/jacksmith/tk/internal/ops/task.go:420.18,422.3 1 0
github.com/jacksmith/tk/internal/ops/task.go:424.2,425.16 2 1
github.com/jacksmith/tk/internal/ops/task.go:425.16,427.3 1 0
github.com/jacksmith/tk/internal/ops/task.go:429.2,430.17 2 1
github.com/jacksmith/tk/internal/ops/task.go:430.17,432.3 1 0
github.com/jacksmith/tk/internal/ops/task.go:434.2,434.41 1 1
github.com/jacksmith/tk/internal/ops/task.go:434.41,436.3 1 1
github.com/jacksmith/tk/internal/ops/task.go:438.2,444.26 6 1
github.com/jacksmith/tk/internal/ops/task.go:449.89,451.18 2 1
github.com/jacksmith/tk/internal/ops/task.go:451.18,453.3 1 0
github.com/jacksmith/tk/internal/ops/task.go:455.2,456.16 2 1
github.com/jacksmith/tk/internal/ops/task.go:456.16,458.3 1 0
github.com/jacksmith/tk/internal/ops/task.go:460.2,461.17 2 1
github.com/jacksmith/tk/internal/ops/task.go:461.17,463.3 1 0
github.com/jacksmith/tk/internal/ops/task.go:465.2,465.41 1 1
github.com/jacksmith/tk/internal/ops/task.go:465.41,467.3 1 0
github.com/jacksmith/tk/internal/ops/task.go:470.2,470.43 1 1
github.com/jacksmith/tk/internal/ops/task.go:470.43,471.32 1 1
github.com/jacksmith/tk/internal/ops/task.go:471.32,473.58 2 1
github.com/jacksmith/tk/internal/ops/task.go:473.58,475.5 1 1
github.com/jacksmith/tk/internal/ops/task.go:480.2,499.42 8 1
github.com/jacksmith/tk/internal/ops/task.go:499.42,501.3 1 0
github.com/jacksmith/tk/internal/ops/task.go:503.2,503.19 1 1
github.com/jacksmith/tk/internal/ops/task.go:507.73,509.22 2 1
github.com/jacksmith/tk/internal/ops/task.go:509.22,511.3 1 0
github.com/jacksmith/tk/internal/ops/task.go:513.2,514.28 2 1
github.com/jacksmith/tk/internal/ops/task.go:514.28,516.3 1 0
github.com/jacksmith/tk/internal/ops/task.go:519.2,520.16 2 1
github.com/jacksmith/tk/internal/ops/task.go:520.16,522.3 1 0
github.com/jacksmith/tk/internal/ops/task.go:525.2,526.16 2 1
github.com/jacksmith/tk/internal/ops/task.go:526.16,528.3 1 0
github.com/jacksmith/tk/internal/ops/task.go:531.2,532.32 2 1
github.com/jacksmith/tk/internal/ops/task.go:532.32,533.38 1 1
github.com/jacksmith/tk/internal/ops/task.go:533.38,536.9 3 1
github.com/jacksmith/tk/internal/ops/task.go:540.2,540.17 1 1
github.com/jacksmith/tk/internal/ops/task.go:540.17,542.3 1 0
github.com/jacksmith/tk/internal/ops/task.go:545.2,545.43 1 1
github.com/jacksmith/tk/internal/ops/task.go:545.43,547.34 2 1
github.com/jacksmith/tk/internal/ops/task.go:547.34,549.4 1 1
github.com/jacksmith/tk/internal/ops/task.go:553.2,555.25 3 1
github.com/jacksmith/tk/internal/ops/task.go:555.25,557.3 1 0
github.com/jacksmith/tk/internal/ops/task.go:560.2,566.43 5 1
github.com/jacksmith/tk/internal/ops/task.go:566.43,568.34 2 0
github.com/jacksmith/tk/internal/ops/task.go:568.34,570.4 1 0
github.com/jacksmith/tk/internal/ops/task.go:572.2,578.45 4 1
github.com/jacksmith/tk/internal/ops/task.go:578.45,580.3 1 0
github.com/jacksmith/tk/internal/ops/task.go:581.2,581.29 1 1
github.com/jacksmith/tk/internal/ops/task.go:585.69,587.18 2 1
github.com/jacksmith/tk/internal/ops/task.go:587.18,589.3 1 0
github.com/jacksmith/tk/internal/ops/task.go:591.2,592.16 2 1
github.com/jacksmith/tk/internal/ops/task.go:592.16,594.3 1 0
github.com/jacksmith/tk/internal/ops/task.go:596.2,597.17 2 1
github.com/jacksmith/tk/internal/ops/task.go:597.17,599.3 1 0
github.com/jacksmith/tk/internal/ops/task.go:602.2,602.66 1 1
github.com/jacksmith/tk/internal/ops/task.go:602.66,604.3 1 0
github.com/jacksmith/tk/internal/ops/task.go:607.2,607.37 1 1
github.com/jacksmith/tk/internal/ops/task.go:607.37,608.40 1 1
github.com/jacksmith/tk/internal/ops/task.go:608.40,610.4 1 0
github.com/jacksmith/tk/internal/ops/task.go:614.2,615.60 2 1
github.com/jacksmith/tk/internal/ops/task.go:615.60,617.3 1 1
github.com/jacksmith/tk/internal/ops/task.go:619.2,622.26 3 1
github.com/jacksmith/tk/internal/ops/task.go:626.72,628.18 2 1
github.com/jacksmith/tk/internal/ops/task.go:628.18,630.3 1 0
github.com/jacksmith/tk/internal/ops/task.go:632.2,633.16 2 1
github.com/jacksmith/tk/internal/ops/task.go:633.16,635.3 1 0
github.com/jacksmith/tk/internal/ops/task.go:637.2,638.17 2 1
github.com/jacksmith/tk/internal/ops/task.go:638.17,640.3 1 0
github.com/jacksmith/tk/internal/ops/task.go:643.2,644.37 2 1
github.com/jacksmith/tk/internal/ops/task.go:644.37,645.40 1 1
github.com/jacksmith/tk/internal/ops/task.go:645.40,648.9 3 1
github.com/jacksmith/tk/internal/ops/task.go:652.2,652.12 1 1
github.com/jacksmith/tk/internal/ops/task.go:652.12,654.3 1 0
github.com/jacksmith/tk/internal/ops/task.go:656.2,658.26 2 1
github.com/jacksmith/tk/internal/ops/task.go:664.65,665.26 1 1
github.com/jacksmith/tk/internal/ops/task.go:665.26,666.48 1 1
github.com/jacksmith/tk/internal/ops/task.go:666.48,668.4 1 1
github.com/jacksmith/tk/internal/ops/task.go:670.2,670.12 1 1
github.com/jacksmith/tk/internal/ops/task.go:674.65,675.26 1 1
github.com/jacksmith/tk/internal/ops/task.go:675.26,676.48 1 1
github.com/jacksmith/tk/internal/ops/task.go:676.48,678.4 1 1
github.com/jacksmith/tk/internal/ops/task.go:680.2,680.12 1 1
github.com/jacksmith/tk/internal/ops/task.go:691.59,692.24 1 1
github.com/jacksmith/tk/internal/ops/task.go:692.24,694.15 2 0
github.com/jacksmith/tk/internal/ops/task.go:694.15,696.4 1 0
github.com/jacksmith/tk/internal/ops/task.go:697.3,701.4 1 0
github.com/jacksmith/tk/internal/ops/task.go:703.2,704.14 2 1
github.com/jacksmith/tk/internal/ops/task.go:704.14,706.3 1 0
github.com/jacksmith/tk/internal/ops/task.go:707.2,711.3 1 1
github.com/jacksmith/tk/internal/ops/task.go:715.73,716.32 1 1
github.com/jacksmith/tk/internal/ops/task.go:716.32,717.25 1 1
github.com/jacksmith/tk/internal/ops/task.go:717.25,718.31 1 1
github.com/jacksmith/tk/internal/ops/task.go:718.31,720.5 1 0
github.com/jacksmith/tk/internal/ops/task.go:721.9,721.32 1 1
github.com/jacksmith/tk/internal/ops/task.go:721.32,722.31 1 1
github.com/jacksmith/tk/internal/ops/task.go:722.31,724.5 1 1
github.com/jacksmith/tk/internal/ops/task.go:725.9,727.4 1 0
github.com/jacksmith/tk/internal/ops/task.go:729.2,729.12 1 1
github.com/jacksmith/tk/internal/ops/task.go:733.60,734.19 1 1
github.com/jacksmith/tk/internal/ops/task.go:734.19,736.3 1 1
github.com/jacksmith/tk/internal/ops/task.go:737.2,738.25 2 1
github.com/jacksmith/tk/internal/ops/task.go:738.25,740.3 1 1
github.com/jacksmith/tk/internal/ops/task.go:741.2,741.15 1 1
github.com/jacksmith/tk/internal/ops/task.go:745.70,747.29 2 1
github.com/jacksmith/tk/internal/ops/task.go:747.29,749.3 1 1
github.com/jacksmith/tk/internal/ops/task.go:750.2,750.29 1 1
github.com/jacksmith/tk/internal/ops/task.go:750.29,752.3 1 1
github.com/jacksmith/tk/internal/ops/task.go:753.2,753.15 1 1
github.com/jacksmith/tk/internal/ops/task.go:757.65,759.30 2 1
github.com/jacksmith/tk/internal/ops/task.go:759.30,761.3 1 1
github.com/jacksmith/tk/internal/ops/task.go:763.2,764.27 2 1
github.com/jacksmith/tk/internal/ops/task.go:764.27,765.38 1 1
github.com/jacksmith/tk/internal/ops/task.go:765.38,767.4 1 0
github.com/jacksmith/tk/internal/ops/task.go:769.2,769.15 1 1
github.com/jacksmith/tk/internal/ops/task.go:773.58,775.26 2 1
github.com/jacksmith/tk/internal/ops/task.go:775.26,776.32 1 1
github.com/jacksmith/tk/internal/ops/task.go:776.32,778.4 1 0
github.com/jacksmith/tk/internal/ops/task.go:780.2,780.15 1 1
github.com/jacksmith/tk/internal/ops/validate.go:31.41,33.2 1 1
github.com/jacksmith/tk/internal/ops/validate.go:44.62,46.16 2 1
github.com/jacksmith/tk/internal/ops/validate.go:46.16,48.3 1 0
github.com/jacksmith/tk/internal/ops/validate.go:50.2,51.34 2 1
github.com/jacksmith/tk/internal/ops/validate.go:51.34,53.17 2 1
github.com/jacksmith/tk/internal/ops/validate.go:53.17,55.4 1 0
github.com/jacksmith/tk/internal/ops/validate.go:56.3,56.43 1 1
github.com/jacksmith/tk/internal/ops/validate.go:59.2,59.23 1 1
github.com/jacksmith/tk/internal/ops/validate.go:63.84,65.16 2 1
github.com/jacksmith/tk/internal/ops/validate.go:65.16,67.3 1 0
github.com/jacksmith/tk/internal/ops/validate.go:69.2,73.29 3 1
github.com/jacksmith/tk/internal/ops/validate.go:73.29,75.3 1 1
github.com/jacksmith/tk/internal/ops/validate.go:76.2,76.29 1 1
github.com/jacksmith/tk/internal/ops/validate.go:76.29,78.3 1 1
github.com/jacksmith/tk/internal/ops/validate.go:81.2,82.29 2 1
github.com/jacksmith/tk/internal/ops/validate.go:82.29,84.28 2 1
github.com/jacksmith/tk/internal/ops/validate.go:84.28,90.4 1 1
github.com/jacksmith/tk/internal/ops/validate.go:91.3,91.31 1 1
github.com/jacksmith/tk/internal/ops/validate.go:93.2,93.29 1 1
github.com/jacksmith/tk/internal/ops/validate.go:93.29,95.28 2 1
github.com/jacksmith/tk/internal/ops/validate.go:95.28,101.4 1 0
github.com/jacksmith/tk/internal/ops/validate.go:102.3,102.31 1 1
github.com/jacksmith/tk/internal/ops/validate.go:106.2,106.29 1 1
github.com/jacksmith/tk/internal/ops/validate.go:106.29,107.28 1 1
github.com/jacksmith/tk/internal/ops/validate.go:107.28,113.4 1 1
github.com/jacksmith/tk/internal/ops/validate.go:115.2,115.29 1 1
github.com/jacksmith/tk/internal/ops/validate.go:115.29,116.28 1 1
github.com/jacksmith/tk/internal/ops/validate.go:116.28,122.4 1 0
github.com/jacksmith/tk/internal/ops/validate.go:126.2,126.29 1 1
github.com/jacksmith/tk/internal/ops/validate.go:126.29,127.41 1 1
github.com/jacksmith/tk/internal/ops/validate.go:127.41,129.55 2 1
github.com/jacksmith/tk/internal/ops/validate.go:129.55,136.5 1 1
github.com/jacksmith/tk/internal/ops/validate.go:139.2,139.29 1 1
github.com/jacksmith/tk/internal/ops/validate.go:139.29,140.41 1 1
github.com/jacksmith/tk/internal/ops/validate.go:140.41,142.55 2 1
github.com/jacksmith/tk/internal/ops/validate.go:142.55,149.5 1 0
github.com/jacksmith/tk/internal/ops/validate.go:154.2,159.29 4 1
github.com/jacksmith/tk/internal/ops/validate.go:159.29,160.20 1 1
github.com/jacksmith/tk/internal/ops/validate.go:160.20,166.4 1 1
github.com/jacksmith/tk/internal/ops/validate.go:168.2,168.29 1 1
github.com/jacksmith/tk/internal/ops/validate.go:168.29,169.38 1 1
github.com/jacksmith/tk/internal/ops/validate.go:169.38,175.4 1 0
github.com/jacksmith/tk/internal/ops/validate.go:176.3,176.97 1 1
github.com/jacksmith/tk/internal/ops/validate.go:176.97,182.4 1 0
github.com/jacksmith/tk/internal/ops/validate.go:183.3,184.57 1 1
github.com/jacksmith/tk/internal/ops/validate.go:184.57,190.4 1 0
github.com/jacksmith/tk/internal/ops/validate.go:193.2,193.20 1 1
github.com/jacksmith/tk/internal/ops/validate.go:197.76,202.29 3 1
github.com/jacksmith/tk/internal/ops/validate.go:202.29,203.20 1 1
github.com/jacksmith/tk/internal/ops/validate.go:203.20,204.12 1 0
github.com/jacksmith/tk/internal/ops/validate.go:206.3,206.41 1 1
github.com/jacksmith/tk/internal/ops/validate.go:206.41,207.60 1 1
github.com/jacksmith/tk/internal/ops/validate.go:207.60,211.37 2 0
github.com/jacksmith/tk/internal/ops/validate.go:211.37,212.43 1 0
github.com/jacksmith/tk/internal/ops/validate.go:212.43,214.12 2 0
github.com/jacksmith/tk/internal/ops/validate.go:217.5,217.16 1 0
github.com/jacksmith/tk/internal/ops/validate.go:217.16,225.31 2 0
github.com/jacksmith/tk/internal/ops/validate.go:225.31,227.7 1 0
github.com/jacksmith/tk/internal/ops/validate.go:233.2,233.29 1 1
github.com/jacksmith/tk/internal/ops/validate.go:233.29,234.20 1 1
github.com/jacksmith/tk/internal/ops/validate.go:234.20,235.12 1 1
github.com/jacksmith/tk/internal/ops/validate.go:237.3,237.41 1 1
github.com/jacksmith/tk/internal/ops/validate.go:237.41,238.60 1 1
github.com/jacksmith/tk/internal/ops/validate.go:238.60,240.37 2 1
github.com/jacksmith/tk/internal/ops/validate.go:240.37,241.43 1 1
github.com/jacksmith/tk/internal/ops/validate.go:241.43,243.12 2 1
github.com/jacksmith/tk/internal/ops/validate.go:246.5,246.16 1 1
github.com/jacksmith/tk/internal/ops/validate.go:246.16,253.31 2 1
github.com/jacksmith/tk/internal/ops/validate.go:253.31,255.7 1 1
github.com/jacksmith/tk/internal/ops/validate.go:261.2,261.15 1 1
github.com/jacksmith/tk/internal/ops/validate.go:266.66,268.16 2 1
github.com/jacksmith/tk/internal/ops/validate.go:268.16,270.3 1 0
github.com/jacksmith/tk/internal/ops/validate.go:272.2,273.34 2 1
github.com/jacksmith/tk/internal/ops/validate.go:273.34,275.17 2 1
github.com/jacksmith/tk/internal/ops/validate.go:275.17,277.4 1 0
github.com/jacksmith/tk/internal/ops/validate.go:278.3,278.40 1 1
github.com/jacksmith/tk/internal/ops/validate.go:281.2,281.22 1 1
github.com/jacksmith/tk/internal/ops/validate.go:285.88,287.16 2 1
github.com/jacksmith/tk/internal/ops/validate.go:287.16,289.3 1 0
github.com/jacksmith/tk/internal/ops/validate.go:291.2,296.29 4 1
github.com/jacksmith/tk/internal/ops/validate.go:296.29,298.3 1 1
github.com/jacksmith/tk/internal/ops/validate.go:299.2,299.29 1 1
github.com/jacksmith/tk/internal/ops/validate.go:299.29,301.3 1 1
github.com/jacksmith/tk/internal/ops/validate.go:304.2,304.26 1 1
github.com/jacksmith/tk/internal/ops/validate.go:304.26,307.41 3 1
github.com/jacksmith/tk/internal/ops/validate.go:307.41,309.30 2 1
github.com/jacksmith/tk/internal/ops/validate.go:309.30,311.5 1 0
github.com/jacksmith/tk/internal/ops/validate.go:311.10,318.5 2 1
github.com/jacksmith/tk/internal/ops/validate.go:320.3,320.30 1 1
github.com/jacksmith/tk/internal/ops/validate.go:323.2,323.26 1 1
github.com/jacksmith/tk/internal/ops/validate.go:323.26,326.41 3 1
github.com/jacksmith/tk/internal/ops/validate.go:326.41,328.30 2 1
github.com/jacksmith/tk/internal/ops/validate.go:328.30,330.5 1 0
github.com/jacksmith/tk/internal/ops/validate.go:330.10,337.5 2 1
github.com/jacksmith/tk/internal/ops/validate.go:339.3,339.30 1 1
github.com/jacksmith/tk/internal/ops/validate.go:342.2,342.14 1 1
github.com/jacksmith/tk/internal/ops/validate.go:342.14,343.43 1 1
github.com/jacksmith/tk/internal/ops/validate.go:343.43,345.4 1 0
github.com/jacksmith/tk/internal/ops/validate.go:348.2,348.19 1 1
github.com/jacksmith/tk/internal/ops/validate.go:352.84,354.2 1 1
github.com/jacksmith/tk/internal/ops/wait.go:35.88,37.16 2 1
github.com/jacksmith/tk/internal/ops/wait.go:37.16,39.3 1 0
github.com/jacksmith/tk/internal/ops/wait.go:42.2,42.44 1 1
github.com/jacksmith/tk/internal/ops/wait.go:42.44,44.3 1 1
github.com/jacksmith/tk/internal/ops/wait.go:47.2,47.19 1 1
github.com/jacksmith/tk/internal/ops/wait.go:48.32,49.24 1 1
github.com/jacksmith/tk/internal/ops/wait.go:49.24,51.4 1 1
github.com/jacksmith/tk/internal/ops/wait.go:52.34,53.46 1 1
github.com/jacksmith/tk/internal/ops/wait.go:53.46,55.4 1 1
github.com/jacksmith/tk/internal/ops/wait.go:56.10,57.67 1 1
github.com/jacksmith/tk/internal/ops/wait.go:61.2,61.29 1 1
github.com/jacksmith/tk/internal/ops/wait.go:61.29,62.62 1 1
github.com/jacksmith/tk/internal/ops/wait.go:62.62,64.4 1 0
github.com/jacksmith/tk/internal/ops/wait.go:68.2,88.42 6 1
github.com/jacksmith/tk/internal/ops/wait.go:88.42,90.3 1 0
github.com/jacksmith/tk/internal/ops/wait.go:92.2,92.19 1 1
github.com/jacksmith/tk/internal/ops/wait.go:96.77,98.18 2 1
github.com/jacksmith/tk/internal/ops/wait.go:98.18,100.3 1 1
github.com/jacksmith/tk/internal/ops/wait.go:102.2,103.16 2 1
github.com/jacksmith/tk/internal/ops/wait.go:103.16,105.3 1 0
github.com/jacksmith/tk/internal/ops/wait.go:107.2,108.17 2 1
github.com/jacksmith/tk/internal/ops/wait.go:108.17,110.3 1 1
github.com/jacksmith/tk/internal/ops/wait.go:113.2,113.30 1 1
github.com/jacksmith/tk/internal/ops/wait.go:113.30,114.66 1 1
github.com/jacksmith/tk/internal/ops/wait.go:114.66,116.4 1 0
github.com/jacksmith/tk/internal/ops/wait.go:118.3,119.48 2 1
github.com/jacksmith/tk/internal/ops/wait.go:119.48,120.62 1 1
github.com/jacksmith/tk/internal/ops/wait.go:120.62,122.5 1 1
github.com/jacksmith/tk/internal/ops/wait.go:127.2,127.26 1 1
github.com/jacksmith/tk/internal/ops/wait.go:127.26,129.3 1 1
github.com/jacksmith/tk/internal/ops/wait.go:130.2,130.29 1 1
github.com/jacksmith/tk/internal/ops/wait.go:130.29,132.3 1 1
github.com/jacksmith/tk/internal/ops/wait.go:133.2,133.26 1 1
github.com/jacksmith/tk/internal/ops/wait.go:133.26,135.3 1 1
github.com/jacksmith/tk/internal/ops/wait.go:136.2,136.31 1 1
github.com/jacksmith/tk/internal/ops/wait.go:136.31,138.3 1 1
github.com/jacksmith/tk/internal/ops/wait.go:139.2,139.26 1 1
github.com/jacksmith/tk/internal/ops/wait.go:139.26,141.3 1 1
github.com/jacksmith/tk/internal/ops/wait.go:142.2,142.30 1 1
github.com/jacksmith/tk/internal/ops/wait.go:142.30,144.3 1 1
github.com/jacksmith/tk/internal/ops/wait.go:146.2,146.26 1 1
github.com/jacksmith/tk/internal/ops/wait.go:152.78,154.18 2 1
github.com/jacksmith/tk/internal/ops/wait.go:154.18,156.3 1 0
github.com/jacksmith/tk/internal/ops/wait.go:158.2,159.16 2 1
github.com/jacksmith/tk/internal/ops/wait.go:159.16,161.3 1 0
github.com/jacksmith/tk/internal/ops/wait.go:163.2,164.17 2 1
github.com/jacksmith/tk/internal/ops/wait.go:164.17,166.3 1 0
github.com/jacksmith/tk/internal/ops/wait.go:168.2,168.41 1 1
github.com/jacksmith/tk/internal/ops/wait.go:168.41,170.3 1 0
github.com/jacksmith/tk/internal/ops/wait.go:173.2,174.43 2 1
github.com/jacksmith/tk/internal/ops/wait.go:174.43,175.65 1 1
github.com/jacksmith/tk/internal/ops/wait.go:175.65,177.4 1 1
github.com/jacksmith/tk/internal/ops/wait.go:181.2,182.62 2 1
github.com/jacksmith/tk/internal/ops/wait.go:182.62,183.87 1 1
github.com/jacksmith/tk/internal/ops/wait.go:183.87,185.4 1 1
github.com/jacksmith/tk/internal/ops/wait.go:189.2,193.26 4 1
github.com/jacksmith/tk/internal/ops/wait.go:199.98,201.18 2 1
github.com/jacksmith/tk/internal/ops/wait.go:201.18,203.3 1 0
github.com/jacksmith/tk/internal/ops/wait.go:205.2,206.16 2 1
github.com/jacksmith/tk/internal/ops/wait.go:206.16,208.3 1 0
github.com/jacksmith/tk/internal/ops/wait.go:210.2,211.17 2 1
github.com/jacksmith/tk/internal/ops/wait.go:211.17,213.3 1 0
github.com/jacksmith/tk/internal/ops/wait.go:215.2,215.41 1 1
github.com/jacksmith/tk/internal/ops/wait.go:215.41,217.3 1 0
github.com/jacksmith/tk/internal/ops/wait.go:220.2,225.35 4 1
github.com/jacksmith/tk/internal/ops/wait.go:225.35,227.57 2 1
github.com/jacksmith/tk/internal/ops/wait.go:227.57,229.4 1 1
github.com/jacksmith/tk/internal/ops/wait.go:232.2,232.57 1 1
github.com/jacksmith/tk/internal/ops/wait.go:232.57,235.3 1 1
github.com/jacksmith/tk/internal/ops/wait.go:237.2,237.14 1 1
github.com/jacksmith/tk/internal/ops/wait.go:237.14,239.60 1 1
github.com/jacksmith/tk/internal/ops/wait.go:239.60,241.4 1 0
github.com/jacksmith/tk/internal/ops/wait.go:244.2,244.16 1 1
github.com/jacksmith/tk/internal/ops/wait.go:244.16,247.3 1 1
github.com/jacksmith/tk/internal/ops/wait.go:250.2,255.26 5 1
github.com/jacksmith/tk/internal/ops/wait.go:261.74,263.18 2 1
github.com/jacksmith/tk/internal/ops/wait.go:263.18,265.3 1 0
github.com/jacksmith/tk/internal/ops/wait.go:267.2,268.16 2 1
github.com/jacksmith/tk/internal/ops/wait.go:268.16,270.3 1 0
github.com/jacksmith/tk/internal/ops/wait.go:272.2,273.17 2 1
github.com/jacksmith/tk/internal/ops/wait.go:273.17,275.3 1 0
github.com/jacksmith/tk/internal/ops/wait.go:277.2,277.41 1 1
github.com/jacksmith/tk/internal/ops/wait.go:277.41,279.3 1 0
github.com/jacksmith/tk/internal/ops/wait.go:281.2,281.38 1 1
github.com/jacksmith/tk/internal/ops/wait.go:282.32,283.41 1 1
github.com/jacksmith/tk/internal/ops/wait.go:284.34,285.46 1 1
github.com/jacksmith/tk/internal/ops/wait.go:286.10,287.83 1 0
github.com/jacksmith/tk/internal/ops/wait.go:290.2,290.26 1 1
github.com/jacksmith/tk/internal/ops/wait.go:294.73,296.18 2 1
github.com/jacksmith/tk/internal/ops/wait.go:296.18,298.3 1 1
github.com/jacksmith/tk/internal/ops/wait.go:300.2,301.16 2 1
github.com/jacksmith/tk/internal/ops/wait.go:301.16,303.3 1 0
github.com/jacksmith/tk/internal/ops/wait.go:305.2,306.17 2 1
github.com/jacksmith/tk/internal/ops/wait.go:306.17,308.3 1 1
github.com/jacksmith/tk/internal/ops/wait.go:311.2,311.66 1 1
github.com/jacksmith/tk/internal/ops/wait.go:311.66,313.3 1 1
github.com/jacksmith/tk/internal/ops/wait.go:316.2,316.37 1 1
github.com/jacksmith/tk/internal/ops/wait.go:316.37,317.40 1 1
github.com/jacksmith/tk/internal/ops/wait.go:317.40,319.4 1 1
github.com/jacksmith/tk/internal/ops/wait.go:323.2,324.60 2 1
github.com/jacksmith/tk/internal/ops/wait.go:324.60,326.3 1 1
github.com/jacksmith/tk/internal/ops/wait.go:328.2,330.26 2 1
github.com/jacksmith/tk/internal/ops/wait.go:334.76,336.18 2 1
github.com/jacksmith/tk/internal/ops/wait.go:336.18,338.3 1 1
github.com/jacksmith/tk/internal/ops/wait.go:340.2,341.16 2 1
github.com/jacksmith/tk/internal/ops/wait.go:341.16,343.3 1 0
github.com/jacksmith/tk/internal/ops/wait.go:345.2,346.17 2 1
github.com/jacksmith/tk/internal/ops/wait.go:346.17,348.3 1 1
github.com/jacksmith/tk/internal/ops/wait.go:351.2,352.37 2 1
github.com/jacksmith/tk/internal/ops/wait.go:352.37,353.40 1 1
github.com/jacksmith/tk/internal/ops/wait.go:353.40,356.9 3 1
github.com/jacksmith/tk/internal/ops/wait.go:360.2,360.12 1 1
github.com/jacksmith/tk/internal/ops/wait.go:360.12,362.3 1 1
github.com/jacksmith/tk/internal/ops/wait.go:364.2,364.26 1 1
